<?xml version="1.0" encoding="UTF-8"?>
<!-- Generated by org.testng.reporters.JUnitReportReporter -->
<testsuite hostname="DESKTOP-P561H4D" failures="0" tests="4" name="loans.PersonalLoans" time="0.008" errors="0" timestamp="2021-06-10T20:08:35 EDT" skipped="0">
  <testcase classname="loans.PersonalLoans" name="PersonalLoansLogin" time="0.006"/>
  <system-out/>
  <testcase classname="loans.PersonalLoans" name="PersonalLoansSummary" time="0.001"/>
  <system-out/>
  <testcase classname="loans.PersonalLoans" name="PersonalLoansUserPage" time="0.001"/>
  <system-out/>
  <testcase classname="loans.PersonalLoans" name="PersonalLoansLogout" time="0.000"/>
  <system-out/>
</testsuite> <!-- loans.PersonalLoans -->
