<?xml version="1.0" encoding="UTF-8"?>
<!-- Generated by org.testng.reporters.JUnitReportReporter -->
<testsuite hostname="DESKTOP-P561H4D" failures="0" tests="4" name="mortgage.CottageMortgage" time="0.004" errors="0" timestamp="2021-06-10T21:03:20 EDT" skipped="0">
  <testcase classname="mortgage.CottageMortgage" name="CottageMortgageUserPage" time="0.001"/>
  <system-out/>
  <testcase classname="mortgage.CottageMortgage" name="CottageMortgageLogout" time="0.001"/>
  <system-out/>
  <testcase classname="mortgage.CottageMortgage" name="CottageMortgageSummary" time="0.001"/>
  <system-out/>
  <testcase classname="mortgage.CottageMortgage" name="CottageMortgageLogin" time="0.001"/>
  <system-out/>
</testsuite> <!-- mortgage.CottageMortgage -->
