<?xml version="1.0" encoding="UTF-8"?>
<!-- Generated by org.testng.reporters.JUnitReportReporter -->
<testsuite hostname="DESKTOP-P561H4D" failures="0" tests="6" name="loans.CarLoans" time="0.002" errors="0" timestamp="2021-06-10T21:03:20 EDT" skipped="0">
  <testcase classname="loans.CarLoans" name="CarloansLogout" time="0.000"/>
  <system-out/>
  <testcase classname="loans.CarLoans" name="CarloansSummary" time="0.001"/>
  <system-out/>
  <testcase classname="loans.CarLoans" name="CarloansLogin" time="0.000"/>
  <system-out/>
  <testcase classname="loans.CarLoans" name="CarloansSummary" time="0.000"/>
  <system-out/>
  <testcase classname="loans.CarLoans" name="CarloansUserPage" time="0.000"/>
  <system-out/>
  <testcase classname="loans.CarLoans" name="CarloansSummary" time="0.001"/>
  <system-out/>
</testsuite> <!-- loans.CarLoans -->
