<?xml version="1.0" encoding="UTF-8"?>
<!-- Generated by org.testng.reporters.JUnitReportReporter -->
<testsuite hostname="DESKTOP-P561H4D" failures="0" tests="4" name="mortgage.HouseMortgage" time="0.002" errors="0" timestamp="2021-06-10T21:03:20 EDT" skipped="0">
  <testcase classname="mortgage.HouseMortgage" name="HouseMortgageLogin" time="0.001"/>
  <system-out/>
  <testcase classname="mortgage.HouseMortgage" name="HouseMortgageSummary" time="0.000"/>
  <system-out/>
  <testcase classname="mortgage.HouseMortgage" name="HouseMortgageLogout" time="0.001"/>
  <system-out/>
  <testcase classname="mortgage.HouseMortgage" name="HouseMortgageUserPage" time="0.000"/>
  <system-out/>
</testsuite> <!-- mortgage.HouseMortgage -->
