<?xml version="1.0" encoding="UTF-8"?>
<!-- Generated by org.testng.reporters.JUnitReportReporter -->
<testsuite hostname="DESKTOP-P561H4D" failures="0" tests="4" name="loans.MedicalLoans" time="0.001" errors="0" timestamp="2021-06-10T20:08:35 EDT" skipped="0">
  <testcase classname="loans.MedicalLoans" name="MedicalLoansUserPage" time="0.000"/>
  <system-out/>
  <testcase classname="loans.MedicalLoans" name="MedicalLoansSummary" time="0.000"/>
  <system-out/>
  <testcase classname="loans.MedicalLoans" name="MedicalLoansLogout" time="0.000"/>
  <system-out/>
  <testcase classname="loans.MedicalLoans" name="MedicalLoansLogin" time="0.001"/>
  <system-out/>
</testsuite> <!-- loans.MedicalLoans -->
