<?xml version="1.0" encoding="UTF-8"?>
<!-- Generated by org.testng.reporters.JUnitReportReporter -->
<testsuite hostname="DESKTOP-P561H4D" failures="0" tests="4" name="studentLoans.UniStudentLoans" time="0.004" errors="0" timestamp="2021-06-10T20:08:35 EDT" skipped="0">
  <testcase classname="studentLoans.UniStudentLoans" name="UniStudentLoansLogout" time="0.001"/>
  <system-out/>
  <testcase classname="studentLoans.UniStudentLoans" name="UniStudentLoansSummary" time="0.001"/>
  <system-out/>
  <testcase classname="studentLoans.UniStudentLoans" name="UniStudentLoansUserPage" time="0.001"/>
  <system-out/>
  <testcase classname="studentLoans.UniStudentLoans" name="UniStudentLoansLogin" time="0.001"/>
  <system-out/>
</testsuite> <!-- studentLoans.UniStudentLoans -->
