<?xml version="1.0" encoding="UTF-8"?>
<!-- Generated by org.testng.reporters.JUnitReportReporter -->
<testsuite hostname="DESKTOP-P561H4D" failures="0" tests="4" name="mortgage.CommercialMortgage" time="0.000" errors="0" timestamp="2021-06-10T21:03:20 EDT" skipped="0">
  <testcase classname="mortgage.CommercialMortgage" name="CommercialMortgageLogout" time="0.000"/>
  <system-out/>
  <testcase classname="mortgage.CommercialMortgage" name="CommercialMortgageLogin" time="0.000"/>
  <system-out/>
  <testcase classname="mortgage.CommercialMortgage" name="CommercialMortgageUserPage" time="0.000"/>
  <system-out/>
  <testcase classname="mortgage.CommercialMortgage" name="CommercialMortgageSummary" time="0.000"/>
  <system-out/>
</testsuite> <!-- mortgage.CommercialMortgage -->
