<?xml version="1.0" encoding="UTF-8"?>
<!-- Generated by org.testng.reporters.JUnitReportReporter -->
<testsuite hostname="DESKTOP-P561H4D" failures="0" tests="4" name="studentLoans.PhdStudentLoans" time="0.002" errors="0" timestamp="2021-06-10T21:03:20 EDT" skipped="0">
  <testcase classname="studentLoans.PhdStudentLoans" name="PhdStudentLoansLogin" time="0.000"/>
  <system-out/>
  <testcase classname="studentLoans.PhdStudentLoans" name="PhdStudentLoansUserPage" time="0.001"/>
  <system-out/>
  <testcase classname="studentLoans.PhdStudentLoans" name="PhdStudentLoansLogout" time="0.000"/>
  <system-out/>
  <testcase classname="studentLoans.PhdStudentLoans" name="PhdStudentLoansSummary" time="0.001"/>
  <system-out/>
</testsuite> <!-- studentLoans.PhdStudentLoans -->
